<?xml version="1.0" encoding="utf-8"?><testsuites name="pytest tests"><testsuite name="pytest" errors="0" failures="0" skipped="0" tests="20" time="2.449" timestamp="2026-09-12T16:33:00.405167+00:00" hostname="agent-env-0388b543-1858-41cb-94fa-b3db5a9de4bf"><testcase classname="tests.test_backend_integration.TestDemoStore" name="test_login_wrong_password" time="0.265" /><testcase classname="tests.test_backend_integration.TestReadOnlyEndpoints" name="test_json_200[memory]" time="0.261" /><testcase classname="tests.test_backend_integration.TestReadOnlyEndpoints" name="test_json_200[qa/flows]" time="0.130" /><testcase classname="tests.test_backend_integration.TestDemoStore" name="test_products" time="0.135" /><testcase classname="tests.test_backend_integration.TestReadOnlyEndpoints" name="test_json_200[audit]" time="0.153" /><testcase classname="tests.test_backend_integration.TestReadOnlyEndpoints" name="test_json_200[telemetry]" time="0.147" /><testcase classname="tests.test_backend_integration.TestDemoStore" name="test_dashboard" time="0.301" /><testcase classname="tests.test_backend_integration.TestReadOnlyEndpoints" name="test_flows_has_seven" time="0.130" /><testcase classname="tests.test_backend_integration.TestDemoStore" name="test_payment_missing_amount" time="0.144" /><testcase classname="tests.test_backend_integration.TestWorkspaceFile" name="test_allowed" time="0.123" /><testcase classname="tests.test_backend_integration.TestDemoStore" name="test_payment_happy" time="0.189" /><testcase classname="tests.test_backend_integration.TestWorkspaceFile" name="test_forbidden[backend/.env]" time="0.150" /><testcase classname="tests.test_backend_integration.TestDemoStore" name="test_settings_get_put" time="0.291" /><testcase classname="tests.test_backend_integration.TestWorkspaceFile" name="test_forbidden[../etc/passwd]" time="0.118" /><testcase classname="tests.test_backend_integration.TestWorkspaceFile" name="test_forbidden[frontend/src/shadowqa/core.js]" time="0.147" /><testcase classname="tests.test_backend_integration.TestShadowqaHealth" name="test_health_requires_token" time="0.147" /><testcase classname="tests.test_backend_integration.TestShadowqaHealth" name="test_health_with_token" time="0.150" /><testcase classname="tests.test_backend_integration.TestIncidents" name="test_get_incident" time="0.316" /><testcase classname="tests.test_backend_integration.TestIncidents" name="test_list_incidents" time="0.124" /><testcase classname="tests.test_backend_integration.TestIncidents" name="test_dismiss" time="0.131" /></testsuite></testsuites>