<?xml version="1.0" encoding="utf-8"?><testsuites name="pytest tests"><testsuite name="pytest" errors="0" failures="0" skipped="0" tests="52" time="13.519" timestamp="2026-09-12T18:38:57.525221+00:00" hostname="agent-env-0388b543-1858-41cb-94fa-b3db5a9de4bf"><testcase classname="tests.test_backend_integration.TestDemoStore" name="test_login_wrong_password" time="0.316" /><testcase classname="tests.test_pipeline_faults" name="test_extract_json_accepts_prose_and_fences" time="0.001" /><testcase classname="tests.test_pipeline_faults" name="test_extract_json_handles_decoys_control_chars_and_trailing_commas" time="0.000" /><testcase classname="tests.test_pipeline_faults" name="test_llm_unavailable_marks_diagnosis_failed" time="0.485" /><testcase classname="tests.test_pipeline_faults" name="test_no_patch_marks_no_safe_fix" time="0.407" /><testcase classname="tests.test_backend_integration.TestDemoStore" name="test_support_tickets_matches_scenario_state" time="1.003" /><testcase classname="tests.test_pipeline_faults" name="test_validation_failure_rolls_back_to_checkpoint" time="0.408" /><testcase classname="tests.test_pipeline_faults" name="test_replay_failure_rolls_back" time="2.016" /><testcase classname="tests.test_backend_integration.TestDemoStore" name="test_products" time="0.266" /><testcase classname="tests.test_backend_integration.TestDemoStore" name="test_dashboard" time="0.224" /><testcase classname="tests.test_backend_integration.TestDemoStore" name="test_payment_missing_amount" time="0.184" /><testcase classname="tests.test_backend_integration.TestDemoStore" name="test_payment_happy" time="0.220" /><testcase classname="tests.test_backend_integration.TestDemoStore" name="test_settings_get_put" time="0.297" /><testcase classname="tests.test_workspace_patching" name="test_boundaries" time="0.002" /><testcase classname="tests.test_workspace_patching" name="test_plan_patch_exact_hunk_produces_minimal_diff" time="0.001" /><testcase classname="tests.test_workspace_patching" name="test_plan_patch_rejects_ambiguous_missing_and_unauthorized" time="0.001" /><testcase classname="tests.test_workspace_patching" name="test_plan_patch_whitespace_tolerant_fallback" time="0.001" /><testcase classname="tests.test_workspace_patching" name="test_plan_patch_enforces_limits" time="0.001" /><testcase classname="tests.test_workspace_patching" name="test_risk_levels" time="0.000" /><testcase classname="tests.test_backend_integration.TestReadOnlyEndpoints" name="test_json_200[memory]" time="0.186" /><testcase classname="tests.test_backend_integration.TestReadOnlyEndpoints" name="test_json_200[qa/flows]" time="0.302" /><testcase classname="tests.test_backend_integration.TestReadOnlyEndpoints" name="test_json_200[audit]" time="0.133" /><testcase classname="tests.test_backend_integration.TestReadOnlyEndpoints" name="test_json_200[telemetry]" time="0.118" /><testcase classname="tests.test_backend_integration.TestReadOnlyEndpoints" name="test_flows_declared_eleven" time="0.221" /><testcase classname="tests.test_pipeline_faults" name="test_replay_success_verifies_learns_and_manual_rollback_restores" time="2.480" /><testcase classname="tests.test_security" name="test_redacts_api_keys_tokens_and_cards" time="0.000" /><testcase classname="tests.test_security" name="test_redacts_jwt_and_bearer" time="0.000" /><testcase classname="tests.test_security" name="test_sanitize_redacts_sensitive_keys_recursively" time="0.001" /><testcase classname="tests.test_security" name="test_sanitize_truncates_long_strings" time="0.001" /><testcase classname="tests.test_security" name="test_wrap_untrusted_neutralises_closing_tag" time="0.000" /><testcase classname="tests.test_backend_integration.TestWorkspaceFile" name="test_allowed" time="0.295" /><testcase classname="tests.test_backend_integration.TestWorkspaceFile" name="test_forbidden[backend/.env]" time="0.395" /><testcase classname="tests.test_backend_integration.TestWorkspaceFile" name="test_forbidden[../etc/passwd]" time="0.301" /><testcase classname="tests.test_backend_integration.TestWorkspaceFile" name="test_forbidden[frontend/src/shadowqa/core.js]" time="0.325" /><testcase classname="tests.test_sourcemap" name="test_vlq_decoding" time="0.000" /><testcase classname="tests.test_sourcemap" name="test_sourcemap_lookup_maps_generated_to_original" time="0.000" /><testcase classname="tests.test_sourcemap" name="test_normalize_source_paths" time="0.000" /><testcase classname="tests.test_sourcemap" name="test_parse_stack_v8_and_gecko" time="0.000" /><testcase classname="tests.test_backend_integration.TestIncidents" name="test_get_incident" time="0.405" /><testcase classname="tests.test_backend_integration.TestIncidents" name="test_list_incidents" time="0.299" /><testcase classname="tests.test_backend_integration.TestIncidents" name="test_dismiss" time="0.166" /><testcase classname="tests.test_correlation" name="test_correlation_builds_causal_chain_and_replay_plan" time="0.000" /><testcase classname="tests.test_correlation" name="test_fingerprint_stable_across_numbers" time="0.000" /><testcase classname="tests.test_correlation" name="test_route_name" time="0.000" /><testcase classname="tests.test_server_sdk" name="test_observer_records_exception_handler_and_rethrows" time="0.005" /><testcase classname="tests.test_server_sdk" name="test_correlation_joins_server_error_to_http_failure" time="0.000" /><testcase classname="tests.test_server_sdk" name="test_correlation_without_server_error_is_unchanged" time="0.000" /><testcase classname="tests.test_backend_integration.TestShadowqaHealth" name="test_health_requires_token" time="0.236" /><testcase classname="tests.test_pipeline_faults" name="test_regression_detection_after_verified_fix" time="0.406" /><testcase classname="tests.test_backend_integration.TestShadowqaHealth" name="test_health_with_token" time="0.209" /><testcase classname="tests.test_pipeline_faults" name="test_stale_unverified_patch_is_superseded_and_restored" time="0.408" /><testcase classname="tests.test_pipeline_faults" name="test_resume_after_restart_finishes_interrupted_validation" time="2.011" /></testsuite></testsuites>