<?xml version="1.0" encoding="utf-8"?><testsuites name="pytest tests"><testsuite name="pytest" errors="0" failures="0" skipped="0" tests="38" time="3.468" timestamp="2026-09-12T17:47:57.916481+00:00" hostname="agent-env-0388b543-1858-41cb-94fa-b3db5a9de4bf"><testcase classname="tests.test_backend_integration.TestDemoStore" name="test_login_wrong_password" time="0.171" /><testcase classname="tests.test_backend_integration.TestDemoStore" name="test_products" time="0.140" /><testcase classname="tests.test_backend_integration.TestDemoStore" name="test_dashboard" time="0.285" /><testcase classname="tests.test_backend_integration.TestDemoStore" name="test_payment_missing_amount" time="0.151" /><testcase classname="tests.test_backend_integration.TestDemoStore" name="test_payment_happy" time="0.137" /><testcase classname="tests.test_backend_integration.TestDemoStore" name="test_settings_get_put" time="0.243" /><testcase classname="tests.test_workspace_patching" name="test_boundaries" time="0.002" /><testcase classname="tests.test_workspace_patching" name="test_plan_patch_exact_hunk_produces_minimal_diff" time="0.001" /><testcase classname="tests.test_workspace_patching" name="test_plan_patch_rejects_ambiguous_missing_and_unauthorized" time="0.001" /><testcase classname="tests.test_workspace_patching" name="test_plan_patch_whitespace_tolerant_fallback" time="0.001" /><testcase classname="tests.test_workspace_patching" name="test_plan_patch_enforces_limits" time="0.001" /><testcase classname="tests.test_workspace_patching" name="test_risk_levels" time="0.000" /><testcase classname="tests.test_backend_integration.TestReadOnlyEndpoints" name="test_json_200[memory]" time="0.151" /><testcase classname="tests.test_backend_integration.TestReadOnlyEndpoints" name="test_json_200[qa/flows]" time="0.150" /><testcase classname="tests.test_backend_integration.TestReadOnlyEndpoints" name="test_json_200[audit]" time="0.134" /><testcase classname="tests.test_backend_integration.TestReadOnlyEndpoints" name="test_json_200[telemetry]" time="0.115" /><testcase classname="tests.test_backend_integration.TestReadOnlyEndpoints" name="test_flows_declared_eleven" time="0.134" /><testcase classname="tests.test_security" name="test_redacts_api_keys_tokens_and_cards" time="0.000" /><testcase classname="tests.test_security" name="test_redacts_jwt_and_bearer" time="0.000" /><testcase classname="tests.test_security" name="test_sanitize_redacts_sensitive_keys_recursively" time="0.000" /><testcase classname="tests.test_security" name="test_sanitize_truncates_long_strings" time="0.001" /><testcase classname="tests.test_security" name="test_wrap_untrusted_neutralises_closing_tag" time="0.000" /><testcase classname="tests.test_backend_integration.TestWorkspaceFile" name="test_allowed" time="0.125" /><testcase classname="tests.test_backend_integration.TestWorkspaceFile" name="test_forbidden[backend/.env]" time="0.114" /><testcase classname="tests.test_backend_integration.TestWorkspaceFile" name="test_forbidden[../etc/passwd]" time="0.118" /><testcase classname="tests.test_backend_integration.TestWorkspaceFile" name="test_forbidden[frontend/src/shadowqa/core.js]" time="0.117" /><testcase classname="tests.test_sourcemap" name="test_vlq_decoding" time="0.000" /><testcase classname="tests.test_sourcemap" name="test_sourcemap_lookup_maps_generated_to_original" time="0.000" /><testcase classname="tests.test_sourcemap" name="test_normalize_source_paths" time="0.000" /><testcase classname="tests.test_sourcemap" name="test_parse_stack_v8_and_gecko" time="0.000" /><testcase classname="tests.test_backend_integration.TestIncidents" name="test_get_incident" time="0.278" /><testcase classname="tests.test_backend_integration.TestIncidents" name="test_list_incidents" time="0.112" /><testcase classname="tests.test_backend_integration.TestIncidents" name="test_dismiss" time="0.101" /><testcase classname="tests.test_correlation" name="test_correlation_builds_causal_chain_and_replay_plan" time="0.000" /><testcase classname="tests.test_correlation" name="test_fingerprint_stable_across_numbers" time="0.000" /><testcase classname="tests.test_correlation" name="test_route_name" time="0.000" /><testcase classname="tests.test_backend_integration.TestShadowqaHealth" name="test_health_requires_token" time="0.138" /><testcase classname="tests.test_backend_integration.TestShadowqaHealth" name="test_health_with_token" time="0.153" /></testsuite></testsuites>